TN:
SF:src/repositories/in-memory/inMemoryUserRespository.ts
FN:4,InMemoryUserRepository
FN:7,create
FN:22,findById
FNF:3
FNH:2
FNDA:1,InMemoryUserRepository
FNDA:1,create
FNDA:0,findById
DA:1,1
DA:2,1
DA:3,1
DA:4,1
DA:5,1
DA:6,1
DA:7,1
DA:8,1
DA:9,1
DA:10,1
DA:11,1
DA:12,1
DA:13,1
DA:14,1
DA:15,1
DA:16,1
DA:17,1
DA:18,1
DA:19,1
DA:20,1
DA:21,1
DA:22,1
DA:23,0
DA:24,0
DA:25,0
DA:26,0
DA:27,1
LF:27
LH:23
BRDA:4,0,0,1
BRDA:7,1,0,1
BRDA:12,2,0,0
BRDA:13,3,0,0
BRF:4
BRH:2
end_of_record
TN:
SF:src/useCases/createUser.ts
FN:16,CreateUserUseCase
FN:18,execute
FNF:2
FNH:2
FNDA:1,CreateUserUseCase
FNDA:1,execute
DA:1,1
DA:2,1
DA:3,1
DA:4,1
DA:5,1
DA:6,1
DA:7,1
DA:8,1
DA:9,1
DA:10,1
DA:11,1
DA:12,1
DA:13,1
DA:14,1
DA:15,1
DA:16,1
DA:17,1
DA:18,1
DA:19,1
DA:20,1
DA:21,1
DA:22,1
DA:23,1
DA:24,1
DA:25,1
DA:26,1
DA:27,1
DA:28,1
DA:29,1
DA:30,1
DA:31,1
DA:32,1
DA:33,0
DA:34,0
DA:35,1
DA:36,1
DA:37,1
DA:38,1
DA:39,1
DA:40,0
DA:41,0
DA:42,0
DA:43,0
DA:44,0
DA:45,0
DA:46,1
DA:47,1
LF:47
LH:39
BRDA:16,0,0,1
BRDA:18,1,0,1
BRDA:32,2,0,0
BRDA:39,3,0,0
BRF:4
BRH:2
end_of_record
